<?xml version="1.0" encoding="UTF-8"?>
<testsuite xmlns:xsi="http://www.w3.org/2001/XMLSchema-instance" xsi:noNamespaceSchemaLocation="https://maven.apache.org/surefire/maven-surefire-plugin/xsd/surefire-test-report-3.0.xsd" version="3.0" name="tn.esprit.pi.services.GestionFeedbackImplTest" time="6.741" tests="4" errors="0" skipped="0" failures="0">
  <properties>
[...]
</properties>
  <testcase name="testRetrieveAllFeedbacks" classname="tn.esprit.pi.services.GestionFeedbackImplTest" time="0.076">
    <system-out><![CDATA[15:25:00.226 [main] INFO org.springframework.test.context.support.AnnotationConfigContextLoaderUtils -- Could not detect default configuration classes for test class [tn.esprit.pi.services.GestionFeedbackImplTest]: GestionFeedbackImplTest does not declare any static, non-private, non-final, nested classes annotated with @Configuration.
15:25:00.358 [main] INFO org.springframework.boot.test.context.SpringBootTestContextBootstrapper -- Found @SpringBootConfiguration tn.esprit.pi.PiApplication for test class tn.esprit.pi.services.GestionFeedbackImplTest
15:25:00.595 [main] INFO org.springframework.boot.devtools.restart.RestartApplicationListener -- Restart disabled due to context in which it is running

  .   ____          _            __ _ _
 /\\ / ___'_ __ _ _(_)_ __  __ _ \ \ \ \
( ( )\___ | '_ | '_| | '_ \/ _` | \ \ \ \
 \\/  ___)| |_)| | | | | || (_| |  ) ) ) )
  '  |____| .__|_| |_|_| |_\__, | / / / /
 =========|_|==============|___/=/_/_/_/
 :: Spring Boot ::               (v3.1.10)

2024-11-05T15:25:00.922+01:00  INFO 11056 --- [           main] t.e.pi.services.GestionFeedbackImplTest  : Starting GestionFeedbackImplTest using Java 17.0.10 with PID 11056 (started by azizi in C:\Users\azizi\Desktop\Migration\coursefiles\pi_dev\Cloud-Project-crud)
2024-11-05T15:25:00.923+01:00  INFO 11056 --- [           main] t.e.pi.services.GestionFeedbackImplTest  : No active profile set, falling back to 1 default profile: "default"
2024-11-05T15:25:01.692+01:00  INFO 11056 --- [           main] .s.d.r.c.RepositoryConfigurationDelegate : Bootstrapping Spring Data JPA repositories in DEFAULT mode.
2024-11-05T15:25:01.796+01:00  INFO 11056 --- [           main] .s.d.r.c.RepositoryConfigurationDelegate : Finished Spring Data repository scanning in 94 ms. Found 9 JPA repository interfaces.
2024-11-05T15:25:03.610+01:00  INFO 11056 --- [           main] o.hibernate.jpa.internal.util.LogHelper  : HHH000204: Processing PersistenceUnitInfo [name: default]
2024-11-05T15:25:03.725+01:00  INFO 11056 --- [           main] org.hibernate.Version                    : HHH000412: Hibernate ORM core version 6.2.22.Final
2024-11-05T15:25:03.728+01:00  INFO 11056 --- [           main] org.hibernate.cfg.Environment            : HHH000406: Using bytecode reflection optimizer
2024-11-05T15:25:04.022+01:00  INFO 11056 --- [           main] o.s.o.j.p.SpringPersistenceUnitInfo      : No LoadTimeWeaver setup: ignoring JPA class transformer
2024-11-05T15:25:04.081+01:00  INFO 11056 --- [           main] com.zaxxer.hikari.HikariDataSource       : HikariPool-1 - Starting...
2024-11-05T15:25:04.320+01:00  INFO 11056 --- [           main] com.zaxxer.hikari.pool.HikariPool        : HikariPool-1 - Added connection com.mysql.cj.jdbc.ConnectionImpl@3a5ce4b8
2024-11-05T15:25:04.324+01:00  INFO 11056 --- [           main] com.zaxxer.hikari.HikariDataSource       : HikariPool-1 - Start completed.
2024-11-05T15:25:04.370+01:00  WARN 11056 --- [           main] org.hibernate.dialect.Dialect            : HHH000511: The 5.5.0 version for [org.hibernate.dialect.MySQLDialect] is no longer supported, hence certain features may not work properly. The minimum supported version is 5.7.0. Check the community dialects project for available legacy versions.
2024-11-05T15:25:04.377+01:00  WARN 11056 --- [           main] org.hibernate.orm.deprecation            : HHH90000025: MySQLDialect does not need to be specified explicitly using 'hibernate.dialect' (remove the property setting and it will be selected by default)
2024-11-05T15:25:04.832+01:00  WARN 11056 --- [           main] org.hibernate.mapping.RootClass          : HHH000038: Composite-id class does not override equals(): tn.esprit.pi.entities.RecrutementId
2024-11-05T15:25:04.832+01:00  WARN 11056 --- [           main] org.hibernate.mapping.RootClass          : HHH000039: Composite-id class does not override hashCode(): tn.esprit.pi.entities.RecrutementId
2024-11-05T15:25:05.457+01:00  INFO 11056 --- [           main] o.h.e.t.j.p.i.JtaPlatformInitiator       : HHH000489: No JTA platform available (set 'hibernate.transaction.jta.platform' to enable JTA platform integration)
2024-11-05T15:25:05.658+01:00  INFO 11056 --- [           main] j.LocalContainerEntityManagerFactoryBean : Initialized JPA EntityManagerFactory for persistence unit 'default'
2024-11-05T15:25:06.078+01:00  WARN 11056 --- [           main] JpaBaseConfiguration$JpaWebConfiguration : spring.jpa.open-in-view is enabled by default. Therefore, database queries may be performed during view rendering. Explicitly configure spring.jpa.open-in-view to disable this warning
2024-11-05T15:25:06.651+01:00  INFO 11056 --- [           main] t.e.pi.services.GestionFeedbackImplTest  : Started GestionFeedbackImplTest in 6.072 seconds (process running for 7.279)
]]></system-out>
  </testcase>
  <testcase name="testAddOrUpdateFeedback" classname="tn.esprit.pi.services.GestionFeedbackImplTest" time="0.008"/>
  <testcase name="testRetrieveFeedback" classname="tn.esprit.pi.services.GestionFeedbackImplTest" time="0.002"/>
  <testcase name="testRemoveFeedback" classname="tn.esprit.pi.services.GestionFeedbackImplTest" time="0.009"/>
</testsuite>